#
# A fatal error has been detected by the Java Runtime Environment:
#
#  EXCEPTION_ACCESS_VIOLATION (0xc0000005) at pc=0x00007ff8690cd69a, pid=3600, tid=9396
#
# JRE version: OpenJDK Runtime Environment Temurin-17.0.2+8 (17.0.2+8) (build 17.0.2+8)
# Java VM: OpenJDK 64-Bit Server VM Temurin-17.0.2+8 (17.0.2+8, mixed mode, emulated-client, tiered, compressed oops, compressed class ptrs, g1 gc, windows-amd64)
# Problematic frame:
# V  [jvm.dll+0x79d69a]
#
# No core dump will be written. Minidumps are not enabled by default on client versions of Windows
#
# If you would like to submit a bug report, please visit:
#   https://github.com/adoptium/adoptium-support/issues
#

---------------  S U M M A R Y ------------

Command Line: -XX:+ShowCodeDetailsInExceptionMessages -agentlib:jdwp=transport=dt_socket,suspend=y,address=localhost:64254 -Dcom.sun.management.jmxremote -Dcom.sun.management.jmxremote.port=64250 -Dcom.sun.management.jmxremote.authenticate=false -Dcom.sun.management.jmxremote.ssl=false -Djava.rmi.server.hostname=localhost -Dspring.jmx.enabled=true -Dspring.application.admin.enabled=true -XX:TieredStopAtLevel=1 -Dspring.boot.project.name=springboot -javaagent:C:\sts-4.14.1.RELEASE\configuration\org.eclipse.osgi\265\0\.cp\lib\javaagent-shaded.jar -Dfile.encoding=UTF-8 curso.springboot.SpringbootApplication --spring.output.ansi.enabled=always

Host: Intel(R) Core(TM) i7-10750H CPU @ 2.60GHz, 12 cores, 15G,  Windows 11 , 64 bit Build 22000 (10.0.22000.708)
Time: Sat Jun  4 20:11:37 2022 Hora oficial do Brasil elapsed time: 347.984618 seconds (0d 0h 5m 47s)

---------------  T H R E A D  ---------------

Current thread (0x0000017cffa80890):  JavaThread "JDWP Transport Listener: dt_socket" daemon [_thread_in_vm, id=9396, stack(0x0000006a4e700000,0x0000006a4e800000)]

Stack: [0x0000006a4e700000,0x0000006a4e800000],  sp=0x0000006a4e7ff540,  free space=1021k
Native frames: (J=compiled Java code, j=interpreted, Vv=VM code, C=native code)
V  [jvm.dll+0x79d69a]
V  [jvm.dll+0x50842c]
V  [jvm.dll+0x4cfa94]
C  [jdwp.dll+0x22dff]


siginfo: EXCEPTION_ACCESS_VIOLATION (0xc0000005), reading address 0x000000000017001a


Register to memory mapping:

RIP=0x00007ff8690cd69a jvm.dll
RAX=0x0000000000000029 is an unknown value
RBX=0x0000017cff8b58e1 points into unknown readable memory: 30 78 30 30 30 30 30
RCX=0x0000000000170016 is an unknown value
RDX=0x0000017c81ba58b0 points into unknown readable memory: 0x732f6f737275634c | 4c 63 75 72 73 6f 2f 73
RSP=0x0000006a4e7ff540 is pointing into the stack for thread: 0x0000017cffa80890
RBP=0x0000017cffa6cb60 points into unknown readable memory: 0x0000000000000002 | 02 00 00 00 00 00 00 00
RSI=0x0 is NULL
RDI=0xffffffffffffffff is an unknown value
R8 =0x0000000000000021 is an unknown value
R9 =0x0000000000000040 is an unknown value
R10=0x0 is NULL
R11=0x0000006a4e7ff560 is pointing into the stack for thread: 0x0000017cffa80890
R12=0x0000006a4e7ff698 is pointing into the stack for thread: 0x0000017cffa80890
R13=0x0 is NULL
R14=0x0000000800419d00 is a pointer to class: 
curso.springboot.controller.PessoaController$1 {0x0000000800419d08}
 - instance size:     2
 - klass size:        85
 - access:            synchronized 
 - state:             fully_initialized
 - name:              'curso/springboot/controller/PessoaController$1'
 - super:             'java/lang/Object'
 - sub:               
 - arrays:            NULL
 - methods:           Array<T>(0x0000017c85c6e508)
 - method ordering:   Array<T>(0x0000017c85c6e030)
 - default_methods:   Array<T>(0x0000017c85c6e040)
 - default vtable indices:   Array<T>(0x0000017c85c6e080)
 - local interfaces:  Array<T>(0x0000017c85c6ddb8)
 - trans. interfaces: Array<T>(0x0000017c85c6ddb8)
 - constants:         constant pool [71] {0x0000017c812ecc20} for 'curso/springboot/controller/PessoaController$1' cache=0x0000017c83314ab0
 - class loader data:  loader data: 0x0000017c8184c730 for instance a 'org/springframework/boot/devtools/restart/classloader/RestartClassLoader'{0x0000000703062650}
 - source file:       'PessoaController.java'
 - source debug extension:       SMAP
PessoaController.java
Java
*S jdt
*F
1 PessoaController.java
2 file:/C:/Users/junio/Documents/workspace-spring-tool-suite-4-4.14.1.RELEASE/springboot/target/classes/
*L
*E

 - class annotations:       Array<T>(0x0000000000000000)
 - class type annotations:  Array<T>(0x0000000000000000)
 - field annotations:       Array<T>(0x0000000000000000)
 - field type annotations:  Array<T>(0x0000000000000000)
 - generic signature: '
[error occurred during error reporting (printing register info), id 0xc0000005, EXCEPTION_ACCESS_VIOLATION (0xc0000005) at pc=0x00007ff8690ce2a6]

Registers:
RAX=0x0000000000000029, RBX=0x0000017cff8b58e1, RCX=0x0000000000170016, RDX=0x0000017c81ba58b0
RSP=0x0000006a4e7ff540, RBP=0x0000017cffa6cb60, RSI=0x0000000000000000, RDI=0xffffffffffffffff
R8 =0x0000000000000021, R9 =0x0000000000000040, R10=0x0000000000000000, R11=0x0000006a4e7ff560
R12=0x0000006a4e7ff698, R13=0x0000000000000000, R14=0x0000000800419d00, R15=0x0000006a4e7ff6c0
RIP=0x00007ff8690cd69a, EFLAGS=0x0000000000010202

Top of Stack: (sp=0x0000006a4e7ff540)
0x0000006a4e7ff540:   000000000000002e 0000000800419d00
0x0000006a4e7ff550:   0000017c81ba58b0 00007ff8c7ca79e1
0x0000006a4e7ff560:   ffffffffffffffff 00007ff868e3842c
0x0000006a4e7ff570:   0000017cff8b58e1 0000017cff8b58b0
0x0000006a4e7ff580:   0000017cffa6cb60 00007ff868e3af4d
0x0000006a4e7ff590:   0000017cff8b5870 00000000000003d8
0x0000006a4e7ff5a0:   0000017cff8b5880 0000017cff8b5c58
0x0000006a4e7ff5b0:   0000000000018701 0000006a4e7ff698
0x0000006a4e7ff5c0:   0000000000000007 0000017cffa80b38
0x0000006a4e7ff5d0:   0000000704232548 00007ff868dffa94
0x0000006a4e7ff5e0:   0000017cffa80890 0000006a4e7ff6c0
0x0000006a4e7ff5f0:   0000017cec225ad0 0000006a4e7ff6c0
0x0000006a4e7ff600:   0000017cffa80890 0000000000000000
0x0000006a4e7ff610:   0000000000000000 0000000000000000
0x0000006a4e7ff620:   0000017cffa86910 00007ff8a8662dff
0x0000006a4e7ff630:   0000006a4e7ff6b8 00007ff8a8671aa0 

Instructions: (pc=0x00007ff8690cd69a)
0x00007ff8690cd59a:   48 83 c4 20 5f e9 4c 8d 90 ff cc cc cc cc cc cc
0x00007ff8690cd5aa:   cc cc cc cc cc cc 48 89 5c 24 08 57 48 83 ec 20
0x00007ff8690cd5ba:   83 fa 02 8d 42 06 b9 08 00 00 00 49 8b d8 0f 4e
0x00007ff8690cd5ca:   c1 48 63 c8 48 83 c1 07 83 e1 f8 48 63 f9 49 8b
0x00007ff8690cd5da:   48 18 48 8b c7 48 f7 d0 48 3b c1 73 16 4c 8d 05
0x00007ff8690cd5ea:   da 4c 17 00 48 8b d7 48 8b cb e8 57 f0 90 ff 48
0x00007ff8690cd5fa:   8b 4b 18 48 8d 04 39 48 3b 43 20 76 18 45 33 c0
0x00007ff8690cd60a:   48 8b d7 48 8b cb 48 8b 5c 24 30 48 83 c4 20 5f
0x00007ff8690cd61a:   e9 b1 ec 90 ff 48 89 43 18 48 8b c1 48 8b 5c 24
0x00007ff8690cd62a:   30 48 83 c4 20 5f c3 cc cc cc cc cc cc cc cc cc
0x00007ff8690cd63a:   cc cc cc cc cc cc 4c 8b d2 4c 8b d9 45 85 c0 7e
0x00007ff8690cd64a:   3c 44 0f b7 49 04 41 8d 40 ff 41 3b c1 44 0f 4c
0x00007ff8690cd65a:   c8 4d 63 c1 45 85 c9 7e 1f 48 8b c2 4c 2b da 49
0x00007ff8690cd66a:   8b d0 0f 1f 40 00 41 0f b6 4c 03 06 88 08 48 8d
0x00007ff8690cd67a:   40 01 48 83 ea 01 75 ee 43 c6 04 10 00 49 8b c2
0x00007ff8690cd68a:   c3 cc cc cc cc cc 48 89 5c 24 08 57 48 83 ec 20
0x00007ff8690cd69a:   0f b7 59 04 48 8b f9 33 d2 48 8d 4b 01 e8 84 df
0x00007ff8690cd6aa:   f2 ff 0f b7 57 04 4c 8b c0 3b da 0f 42 d3 44 8b
0x00007ff8690cd6ba:   ca 85 d2 74 39 48 2b f8 0f 1f 40 00 66 66 0f 1f
0x00007ff8690cd6ca:   84 00 00 00 00 00 0f b6 4c 07 06 88 08 48 ff c0
0x00007ff8690cd6da:   48 8b c8 49 2b c8 49 3b c9 7c eb 42 c6 04 02 00
0x00007ff8690cd6ea:   49 8b c0 48 8b 5c 24 30 48 83 c4 20 5f c3 48 8b
0x00007ff8690cd6fa:   5c 24 30 c6 04 02 00 48 83 c4 20 5f c3 cc cc cc
0x00007ff8690cd70a:   cc cc cc cc cc cc 4c 8b d1 45 85 c0 7e 6c 44 0f
0x00007ff8690cd71a:   b7 49 04 41 8d 40 ff 41 3b c1 44 0f 4c c8 4d 63
0x00007ff8690cd72a:   d9 45 85 c9 7e 22 48 8b ca 4c 2b d2 4d 8b c3 0f
0x00007ff8690cd73a:   1f 80 00 00 00 00 41 0f b6 44 0a 06 88 01 48 8d
0x00007ff8690cd74a:   49 01 49 83 e8 01 75 ee 41 c6 04 13 00 48 c7 c0
0x00007ff8690cd75a:   ff ff ff ff 66 90 48 ff c0 80 3c 02 00 75 f7 48
0x00007ff8690cd76a:   63 c8 85 c0 48 8b c2 7e 14 80 38 2f 75 03 c6 00
0x00007ff8690cd77a:   2e 48 ff c0 48 83 e9 01 75 ef 48 8b c2 c3 cc cc
0x00007ff8690cd78a:   cc cc cc cc cc cc 48 83 ec 28 e8 f7 fe ff ff 4c 


Stack slot to memory mapping:
stack at sp + 0 slots: 0x000000000000002e is an unknown value
stack at sp + 1 slots: 0x0000000800419d00 is a pointer to class: 
curso.springboot.controller.PessoaController$1 {0x0000000800419d08}
 - instance size:     2
 - klass size:        85
 - access:            synchronized 
 - state:             fully_initialized
 - name:              'curso/springboot/controller/PessoaController$1'
 - super:             'java/lang/Object'
 - sub:               
 - arrays:            NULL
 - methods:           Array<T>(0x0000017c85c6e508)
 - method ordering:   Array<T>(0x0000017c85c6e030)
 - default_methods:   Array<T>(0x0000017c85c6e040)
 - default vtable indices:   Array<T>(0x0000017c85c6e080)
 - local interfaces:  Array<T>(0x0000017c85c6ddb8)
 - trans. interfaces: Array<T>(0x0000017c85c6ddb8)
 - constants:         constant pool [71] {0x0000017c812ecc20} for 'curso/springboot/controller/PessoaController$1' cache=0x0000017c83314ab0
 - class loader data:  loader data: 0x0000017c8184c730 for instance a 'org/springframework/boot/devtools/restart/classloader/RestartClassLoader'{0x0000000703062650}
 - source file:       'PessoaController.java'
 - source debug extension:       SMAP
PessoaController.java
Java
*S jdt
*F
1 PessoaController.java
2 file:/C:/Users/junio/Documents/workspace-spring-tool-suite-4-4.14.1.RELEASE/springboot/target/classes/
*L
*E

 - class annotations:       Array<T>(0x0000000000000000)
 - class type annotations:  Array<T>(0x0000000000000000)
 - field annotations:       Array<T>(0x0000000000000000)
 - field type annotations:  Array<T>(0x0000000000000000)
 - generic signature: '
[error occurred during error reporting (inspecting top of stack), id 0xc0000005, EXCEPTION_ACCESS_VIOLATION (0xc0000005) at pc=0x00007ff8690ce2a6]


---------------  P R O C E S S  ---------------

Threads class SMR info:
_java_thread_list=0x0000017c847b80e0, length=41, elements={
0x0000017cff85a030, 0x0000017cff85aca0, 0x0000017cff82e160, 0x0000017cff86bfe0,
0x0000017cff86d8b0, 0x0000017cff876790, 0x0000017cff880670, 0x0000017cff881060,
0x0000017cff97a920, 0x0000017cffa80890, 0x0000017cffa82930, 0x0000017cffa83030,
0x0000017c80663830, 0x0000017c808032e0, 0x0000017c8080ff30, 0x0000017c80884270,
0x0000017c81d51110, 0x0000017c818725e0, 0x0000017c81871c40, 0x0000017c84644a80,
0x0000017c846983f0, 0x0000017c84691070, 0x0000017c846936f0, 0x0000017c84694f00,
0x0000017c84697a50, 0x0000017c84691a10, 0x0000017c846923b0, 0x0000017c84693bc0,
0x0000017c84696be0, 0x0000017c846988c0, 0x0000017c84694090, 0x0000017c84696240,
0x0000017c84697f20, 0x0000017c84694560, 0x0000017c846953d0, 0x0000017c846958a0,
0x0000017c84691540, 0x0000017c84692880, 0x0000017c84695d70, 0x0000017c846970b0,
0x0000017c84697580
}

Java Threads: ( => current thread )
  0x0000017cff85a030 JavaThread "Reference Handler" daemon [_thread_blocked, id=19716, stack(0x0000006a4dd00000,0x0000006a4de00000)]
  0x0000017cff85aca0 JavaThread "Finalizer" daemon [_thread_blocked, id=7084, stack(0x0000006a4de00000,0x0000006a4df00000)]
  0x0000017cff82e160 JavaThread "Signal Dispatcher" daemon [_thread_blocked, id=1436, stack(0x0000006a4df00000,0x0000006a4e000000)]
  0x0000017cff86bfe0 JavaThread "Attach Listener" daemon [_thread_blocked, id=16644, stack(0x0000006a4e000000,0x0000006a4e100000)]
  0x0000017cff86d8b0 JavaThread "Service Thread" daemon [_thread_blocked, id=1336, stack(0x0000006a4e100000,0x0000006a4e200000)]
  0x0000017cff876790 JavaThread "Monitor Deflation Thread" daemon [_thread_blocked, id=11864, stack(0x0000006a4e200000,0x0000006a4e300000)]
  0x0000017cff880670 JavaThread "C1 CompilerThread0" daemon [_thread_blocked, id=13720, stack(0x0000006a4e300000,0x0000006a4e400000)]
  0x0000017cff881060 JavaThread "Sweeper thread" daemon [_thread_blocked, id=15732, stack(0x0000006a4e400000,0x0000006a4e500000)]
  0x0000017cff97a920 JavaThread "Common-Cleaner" daemon [_thread_blocked, id=7424, stack(0x0000006a4e500000,0x0000006a4e600000)]
=>0x0000017cffa80890 JavaThread "JDWP Transport Listener: dt_socket" daemon [_thread_in_vm, id=9396, stack(0x0000006a4e700000,0x0000006a4e800000)]
  0x0000017cffa82930 JavaThread "JDWP Event Helper Thread" daemon [_thread_blocked, id=2360, stack(0x0000006a4e800000,0x0000006a4e900000)]
  0x0000017cffa83030 JavaThread "JDWP Command Reader" daemon [_thread_in_native, id=14764, stack(0x0000006a4e900000,0x0000006a4ea00000)]
  0x0000017c80663830 JavaThread "Notification Thread" daemon [_thread_blocked, id=8952, stack(0x0000006a4ea00000,0x0000006a4eb00000)]
  0x0000017c808032e0 JavaThread "RMI TCP Accept-0" daemon [_thread_in_native, id=15024, stack(0x0000006a4eb00000,0x0000006a4ec00000)]
  0x0000017c8080ff30 JavaThread "RMI TCP Accept-64250" daemon [_thread_in_native, id=20324, stack(0x0000006a4ec00000,0x0000006a4ed00000)]
  0x0000017c80884270 JavaThread "RMI TCP Accept-0" daemon [_thread_in_native, id=13104, stack(0x0000006a4ed00000,0x0000006a4ee00000)]
  0x0000017c81d51110 JavaThread "RMI Scheduler(0)" daemon [_thread_blocked, id=16864, stack(0x0000006a50100000,0x0000006a50200000)]
  0x0000017c818725e0 JavaThread "RMI TCP Connection(16)-127.0.0.1" daemon [_thread_in_native, id=10012, stack(0x0000006a50200000,0x0000006a50300000)]
  0x0000017c81871c40 JavaThread "JMX server connection timeout 29" daemon [_thread_blocked, id=15268, stack(0x0000006a50300000,0x0000006a50400000)]
  0x0000017c84644a80 JavaThread "Live Reload Server" daemon [_thread_in_native, id=16288, stack(0x0000006a50b00000,0x0000006a50c00000)]
  0x0000017c846983f0 JavaThread "DestroyJavaVM" [_thread_blocked, id=6316, stack(0x0000006a4d600000,0x0000006a4d700000)]
  0x0000017c84691070 JavaThread "Catalina-utility-1" [_thread_blocked, id=8212, stack(0x0000006a4fb00000,0x0000006a4fc00000)]
  0x0000017c846936f0 JavaThread "Catalina-utility-2" [_thread_blocked, id=18324, stack(0x0000006a4fc00000,0x0000006a4fd00000)]
  0x0000017c84694f00 JavaThread "container-0" [_thread_blocked, id=19600, stack(0x0000006a4fd00000,0x0000006a4fe00000)]
  0x0000017c84697a50 JavaThread "HikariPool-2 housekeeper" daemon [_thread_blocked, id=2436, stack(0x0000006a50000000,0x0000006a50100000)]
  0x0000017c84691a10 JavaThread "File Watcher" daemon [_thread_blocked, id=7888, stack(0x0000006a50500000,0x0000006a50600000)]
  0x0000017c846923b0 JavaThread "http-nio-8080-exec-1" daemon [_thread_blocked, id=19172, stack(0x0000006a50600000,0x0000006a50700000)]
  0x0000017c84693bc0 JavaThread "http-nio-8080-exec-2" daemon [_thread_blocked, id=19284, stack(0x0000006a50700000,0x0000006a50800000)]
  0x0000017c84696be0 JavaThread "http-nio-8080-exec-3" daemon [_thread_blocked, id=20144, stack(0x0000006a50800000,0x0000006a50900000)]
  0x0000017c846988c0 JavaThread "http-nio-8080-exec-4" daemon [_thread_blocked, id=12016, stack(0x0000006a50900000,0x0000006a50a00000)]
  0x0000017c84694090 JavaThread "http-nio-8080-exec-5" daemon [_thread_blocked, id=13836, stack(0x0000006a50a00000,0x0000006a50b00000)]
  0x0000017c84696240 JavaThread "http-nio-8080-exec-6" daemon [_thread_blocked, id=6684, stack(0x0000006a50c00000,0x0000006a50d00000)]
  0x0000017c84697f20 JavaThread "http-nio-8080-exec-7" daemon [_thread_blocked, id=7732, stack(0x0000006a50d00000,0x0000006a50e00000)]
  0x0000017c84694560 JavaThread "http-nio-8080-exec-8" daemon [_thread_blocked, id=17032, stack(0x0000006a50e00000,0x0000006a50f00000)]
  0x0000017c846953d0 JavaThread "http-nio-8080-exec-9" daemon [_thread_blocked, id=4424, stack(0x0000006a50f00000,0x0000006a51000000)]
  0x0000017c846958a0 JavaThread "http-nio-8080-exec-10" daemon [_thread_blocked, id=12396, stack(0x0000006a51000000,0x0000006a51100000)]
  0x0000017c84691540 JavaThread "http-nio-8080-Poller" daemon [_thread_in_native, id=9476, stack(0x0000006a51100000,0x0000006a51200000)]
  0x0000017c84692880 JavaThread "http-nio-8080-Acceptor" daemon [_thread_in_native, id=1048, stack(0x0000006a51200000,0x0000006a51300000)]
  0x0000017c84695d70 JavaThread "RMI TCP Connection(idle)" daemon [_thread_blocked, id=19288, stack(0x0000006a51300000,0x0000006a51400000)]
  0x0000017c846970b0 JavaThread "RMI TCP Connection(idle)" daemon [_thread_blocked, id=15720, stack(0x0000006a51400000,0x0000006a51500000)]
  0x0000017c84697580 JavaThread "RMI TCP Connection(idle)" daemon [_thread_blocked, id=16348, stack(0x0000006a4d500000,0x0000006a4d600000)]

Other Threads:
  0x0000017cff843e40 VMThread "VM Thread" [stack: 0x0000006a4dc00000,0x0000006a4dd00000] [id=13728]
  0x0000017cec236c50 WatcherThread [stack: 0x0000006a4ee00000,0x0000006a4ef00000] [id=12168]
  0x0000017cec27ff80 GCTaskThread "GC Thread#0" [stack: 0x0000006a4d700000,0x0000006a4d800000] [id=5888]
  0x0000017c8083bde0 GCTaskThread "GC Thread#1" [stack: 0x0000006a4ef00000,0x0000006a4f000000] [id=5340]
  0x0000017c8083c090 GCTaskThread "GC Thread#2" [stack: 0x0000006a4f000000,0x0000006a4f100000] [id=11556]
  0x0000017c80a21a30 GCTaskThread "GC Thread#3" [stack: 0x0000006a4f100000,0x0000006a4f200000] [id=5408]
  0x0000017c80a21ce0 GCTaskThread "GC Thread#4" [stack: 0x0000006a4f200000,0x0000006a4f300000] [id=11008]
  0x0000017c80a2c7c0 GCTaskThread "GC Thread#5" [stack: 0x0000006a4f300000,0x0000006a4f400000] [id=2164]
  0x0000017c80a4b020 GCTaskThread "GC Thread#6" [stack: 0x0000006a4f400000,0x0000006a4f500000] [id=8476]
  0x0000017c80a4c2f0 GCTaskThread "GC Thread#7" [stack: 0x0000006a4f500000,0x0000006a4f600000] [id=19140]
  0x0000017c80a4c5a0 GCTaskThread "GC Thread#8" [stack: 0x0000006a4f600000,0x0000006a4f700000] [id=12560]
  0x0000017c80a4cb00 GCTaskThread "GC Thread#9" [stack: 0x0000006a4f700000,0x0000006a4f800000] [id=19588]
  0x0000017cec2932d0 ConcurrentGCThread "G1 Main Marker" [stack: 0x0000006a4d800000,0x0000006a4d900000] [id=15972]
  0x0000017cec293be0 ConcurrentGCThread "G1 Conc#0" [stack: 0x0000006a4d900000,0x0000006a4da00000] [id=2172]
  0x0000017c80a4c040 ConcurrentGCThread "G1 Conc#1" [stack: 0x0000006a4fe00000,0x0000006a4ff00000] [id=19368]
  0x0000017c80a4b2d0 ConcurrentGCThread "G1 Conc#2" [stack: 0x0000006a4ff00000,0x0000006a50000000] [id=16428]
  0x0000017cec2f2440 ConcurrentGCThread "G1 Refine#0" [stack: 0x0000006a4da00000,0x0000006a4db00000] [id=9176]
  0x0000017c80a4dc10 ConcurrentGCThread "G1 Refine#1" [stack: 0x0000006a4f800000,0x0000006a4f900000] [id=5476]
  0x0000017cfedd4720 ConcurrentGCThread "G1 Service" [stack: 0x0000006a4db00000,0x0000006a4dc00000] [id=11964]

Threads with active compile tasks:

VM state: not at safepoint (normal execution)

VM Mutex/Monitor currently owned by a thread: None

Heap address: 0x0000000702a00000, size: 4054 MB, Compressed Oops mode: Zero based, Oop shift amount: 3

CDS archive(s) not mapped
Compressed class space mapped at: 0x0000000800000000-0x0000000840000000, reserved size: 1073741824
Narrow klass base: 0x0000000800000000, Narrow klass shift: 0, Narrow klass range: 0x40000000

GC Precious Log:
 CPUs: 12 total, 12 available
 Memory: 16215M
 Large Page Support: Disabled
 NUMA Support: Disabled
 Compressed Oops: Enabled (Zero based)
 Heap Region Size: 2M
 Heap Min Capacity: 8M
 Heap Initial Capacity: 254M
 Heap Max Capacity: 4054M
 Pre-touch: Disabled
 Parallel Workers: 10
 Concurrent Workers: 3
 Concurrent Refinement Workers: 10
 Periodic GC: Disabled

Heap:
 garbage-first heap   total 81920K, used 52015K [0x0000000702a00000, 0x0000000800000000)
  region size 2048K, 17 young (34816K), 3 survivors (6144K)
 Metaspace       used 70901K, committed 71360K, reserved 1114112K
  class space    used 9546K, committed 9728K, reserved 1048576K

Heap Regions: E=young(eden), S=young(survivor), O=old, HS=humongous(starts), HC=humongous(continues), CS=collection set, F=free, OA=open archive, CA=closed archive, TAMS=top-at-mark-start (previous, next)
|   0|0x0000000702a00000, 0x0000000702bfffd8, 0x0000000702c00000| 99%| O|  |TAMS 0x0000000702a00000, 0x0000000702a00000| Untracked 
|   1|0x0000000702c00000, 0x0000000702dffff0, 0x0000000702e00000| 99%| O|  |TAMS 0x0000000702c00000, 0x0000000702c00000| Untracked 
|   2|0x0000000702e00000, 0x0000000702ffffe8, 0x0000000703000000| 99%| O|  |TAMS 0x0000000702e00000, 0x0000000702e00000| Untracked 
|   3|0x0000000703000000, 0x00000007031fffe0, 0x0000000703200000| 99%| O|  |TAMS 0x0000000703000000, 0x0000000703000000| Untracked 
|   4|0x0000000703200000, 0x00000007033ff928, 0x0000000703400000| 99%| O|  |TAMS 0x0000000703200000, 0x0000000703200000| Untracked 
|   5|0x0000000703400000, 0x00000007035ffff0, 0x0000000703600000| 99%| O|  |TAMS 0x0000000703400000, 0x0000000703400000| Untracked 
|   6|0x0000000703600000, 0x0000000703800000, 0x0000000703800000|100%| O|  |TAMS 0x0000000703600000, 0x0000000703600000| Untracked 
|   7|0x0000000703800000, 0x00000007039ffff0, 0x0000000703a00000| 99%| O|  |TAMS 0x0000000703800000, 0x0000000703800000| Untracked 
|   8|0x0000000703a00000, 0x0000000703ac95e0, 0x0000000703c00000| 39%| O|  |TAMS 0x0000000703a00000, 0x0000000703a00000| Untracked 
|   9|0x0000000703c00000, 0x0000000703c00000, 0x0000000703e00000|  0%| F|  |TAMS 0x0000000703c00000, 0x0000000703c00000| Untracked 
|  10|0x0000000703e00000, 0x0000000703e00000, 0x0000000704000000|  0%| F|  |TAMS 0x0000000703e00000, 0x0000000703e00000| Untracked 
|  11|0x0000000704000000, 0x00000007041e4a30, 0x0000000704200000| 94%| O|  |TAMS 0x0000000704000000, 0x0000000704000000| Untracked 
|  12|0x0000000704200000, 0x00000007043854b8, 0x0000000704400000| 76%| O|  |TAMS 0x0000000704200000, 0x0000000704200000| Untracked 
|  13|0x0000000704400000, 0x0000000704485580, 0x0000000704600000| 26%| O|  |TAMS 0x0000000704400000, 0x0000000704400000| Untracked 
|  14|0x0000000704600000, 0x0000000704600000, 0x0000000704800000|  0%| F|  |TAMS 0x0000000704600000, 0x0000000704600000| Untracked 
|  15|0x0000000704800000, 0x0000000704800000, 0x0000000704a00000|  0%| F|  |TAMS 0x0000000704800000, 0x0000000704800000| Untracked 
|  16|0x0000000704a00000, 0x0000000704a00000, 0x0000000704c00000|  0%| F|  |TAMS 0x0000000704a00000, 0x0000000704a00000| Untracked 
|  17|0x0000000704c00000, 0x0000000704c13c48, 0x0000000704e00000|  3%| S|CS|TAMS 0x0000000704c00000, 0x0000000704c00000| Complete 
|  18|0x0000000704e00000, 0x0000000705000000, 0x0000000705000000|100%| S|CS|TAMS 0x0000000704e00000, 0x0000000704e00000| Complete 
|  19|0x0000000705000000, 0x0000000705200000, 0x0000000705200000|100%| S|CS|TAMS 0x0000000705000000, 0x0000000705000000| Complete 
|  20|0x0000000705200000, 0x0000000705200000, 0x0000000705400000|  0%| F|  |TAMS 0x0000000705200000, 0x0000000705200000| Untracked 
|  21|0x0000000705400000, 0x0000000705400000, 0x0000000705600000|  0%| F|  |TAMS 0x0000000705400000, 0x0000000705400000| Untracked 
|  22|0x0000000705600000, 0x0000000705600000, 0x0000000705800000|  0%| F|  |TAMS 0x0000000705600000, 0x0000000705600000| Untracked 
|  23|0x0000000705800000, 0x0000000705800000, 0x0000000705a00000|  0%| F|  |TAMS 0x0000000705800000, 0x0000000705800000| Untracked 
|  24|0x0000000705a00000, 0x0000000705a00000, 0x0000000705c00000|  0%| F|  |TAMS 0x0000000705a00000, 0x0000000705a00000| Untracked 
|  25|0x0000000705c00000, 0x0000000705c00000, 0x0000000705e00000|  0%| F|  |TAMS 0x0000000705c00000, 0x0000000705c00000| Untracked 
|  26|0x0000000705e00000, 0x0000000705fb3c20, 0x0000000706000000| 85%| E|  |TAMS 0x0000000705e00000, 0x0000000705e00000| Complete 
|  27|0x0000000706000000, 0x0000000706200000, 0x0000000706200000|100%| E|CS|TAMS 0x0000000706000000, 0x0000000706000000| Complete 
|  28|0x0000000706200000, 0x0000000706400000, 0x0000000706400000|100%| E|CS|TAMS 0x0000000706200000, 0x0000000706200000| Complete 
|  29|0x0000000706400000, 0x0000000706600000, 0x0000000706600000|100%| E|CS|TAMS 0x0000000706400000, 0x0000000706400000| Complete 
|  30|0x0000000706600000, 0x0000000706800000, 0x0000000706800000|100%| E|CS|TAMS 0x0000000706600000, 0x0000000706600000| Complete 
|  31|0x0000000706800000, 0x0000000706a00000, 0x0000000706a00000|100%| E|CS|TAMS 0x0000000706800000, 0x0000000706800000| Complete 
|  32|0x0000000706a00000, 0x0000000706c00000, 0x0000000706c00000|100%| E|CS|TAMS 0x0000000706a00000, 0x0000000706a00000| Complete 
|  33|0x0000000706c00000, 0x0000000706e00000, 0x0000000706e00000|100%| E|CS|TAMS 0x0000000706c00000, 0x0000000706c00000| Complete 
|  34|0x0000000706e00000, 0x0000000707000000, 0x0000000707000000|100%| E|CS|TAMS 0x0000000706e00000, 0x0000000706e00000| Complete 
|  35|0x0000000707000000, 0x0000000707200000, 0x0000000707200000|100%| E|CS|TAMS 0x0000000707000000, 0x0000000707000000| Complete 
|  36|0x0000000707200000, 0x0000000707400000, 0x0000000707400000|100%| E|CS|TAMS 0x0000000707200000, 0x0000000707200000| Complete 
|  37|0x0000000707400000, 0x0000000707600000, 0x0000000707600000|100%| E|CS|TAMS 0x0000000707400000, 0x0000000707400000| Complete 
|  38|0x0000000707600000, 0x0000000707800000, 0x0000000707800000|100%| E|CS|TAMS 0x0000000707600000, 0x0000000707600000| Complete 
|  39|0x0000000707800000, 0x0000000707a00000, 0x0000000707a00000|100%| E|CS|TAMS 0x0000000707800000, 0x0000000707800000| Complete 

Card table byte_map: [0x0000017cf3400000,0x0000017cf3bf0000] _byte_map_base: 0x0000017cefbeb000

Marking Bits (Prev, Next): (CMBitMap*) 0x0000017cec280490, (CMBitMap*) 0x0000017cec2804d0
 Prev Bits: [0x0000017cf43e0000, 0x0000017cf8338000)
 Next Bits: [0x0000017cf8340000, 0x0000017cfc298000)

Polling page: 0x0000017cea1d0000

Metaspace:

Usage:
  Non-class:     59.92 MB used.
      Class:      9.32 MB used.
       Both:     69.24 MB used.

Virtual space:
  Non-class space:       64.00 MB reserved,      60.19 MB ( 94%) committed,  8 nodes.
      Class space:        1.00 GB reserved,       9.50 MB ( <1%) committed,  1 nodes.
             Both:        1.06 GB reserved,      69.69 MB (  6%) committed. 

Chunk freelists:
   Non-Class:  3.39 MB
       Class:  2.38 MB
        Both:  5.77 MB

MaxMetaspaceSize: unlimited
CompressedClassSpaceSize: 1.00 GB
Initial GC threshold: 21.00 MB
Current GC threshold: 115.88 MB
CDS: off
MetaspaceReclaimPolicy: balanced
 - commit_granule_bytes: 65536.
 - commit_granule_words: 8192.
 - virtual_space_node_default_size: 1048576.
 - enlarge_chunks_in_place: 1.
 - new_chunks_are_fully_committed: 0.
 - uncommit_free_chunks: 1.
 - use_allocation_guard: 0.
 - handle_deallocations: 1.


Internal statistics:

num_allocs_failed_limit: 9.
num_arena_births: 740.
num_arena_deaths: 144.
num_vsnodes_births: 9.
num_vsnodes_deaths: 0.
num_space_committed: 1115.
num_space_uncommitted: 0.
num_chunks_returned_to_freelist: 184.
num_chunks_taken_from_freelist: 3084.
num_chunk_merges: 59.
num_chunk_splits: 2089.
num_chunks_enlarged: 1565.
num_purges: 2.
num_inconsistent_stats: 0.

CodeCache: size=49152Kb used=12638Kb max_used=13197Kb free=36513Kb
 bounds [0x0000017cef8e0000, 0x0000017cf05d0000, 0x0000017cf28e0000]
 total_blobs=7172 nmethods=6543 adapters=555
 compilation: enabled
              stopped_count=0, restarted_count=0
 full_count=0

Compilation events (20 events):
Event: 313.084 Thread 0x0000017cff880670 nmethod 6536 0x0000017cf05bdc10 code [0x0000017cf05bddc0, 0x0000017cf05bdf78]
Event: 313.084 Thread 0x0000017cff880670 6535       1       java.io.ObjectInputStream::skipCustomData (105 bytes)
Event: 313.084 Thread 0x0000017cff880670 nmethod 6535 0x0000017cf05be090 code [0x0000017cf05be2c0, 0x0000017cf05be768]
Event: 313.084 Thread 0x0000017cff880670 6537       1       java.io.Bits::putLong (86 bytes)
Event: 313.084 Thread 0x0000017cff880670 nmethod 6537 0x0000017cf05bea90 code [0x0000017cf05bec20, 0x0000017cf05bedb8]
Event: 313.084 Thread 0x0000017c86906820 nmethod 6534 0x0000017cf05bee90 code [0x0000017cf05bf220, 0x0000017cf05c0798]
Event: 313.186 Thread 0x0000017c86906820 6538       1       java.io.ObjectStreamClass$FieldReflectorKey::<init> (102 bytes)
Event: 313.186 Thread 0x0000017cff880670 6539       1       javax.management.ObjectName::isPropertyListPattern (17 bytes)
Event: 313.186 Thread 0x0000017cff880670 nmethod 6539 0x0000017cf05c1210 code [0x0000017cf05c13a0, 0x0000017cf05c1478]
Event: 313.186 Thread 0x0000017c86906820 nmethod 6538 0x0000017cf05c1510 code [0x0000017cf05c1700, 0x0000017cf05c1d08]
Event: 313.288 Thread 0x0000017c86906820 6540       1       java.io.DataOutputStream::<init> (19 bytes)
Event: 313.288 Thread 0x0000017c86906820 nmethod 6540 0x0000017cf05c1f90 code [0x0000017cf05c2140, 0x0000017cf05c2458]
Event: 313.288 Thread 0x0000017c86906820 6542       1       java.io.ObjectStreamClass::computeFieldOffsets (308 bytes)
Event: 313.288 Thread 0x0000017cff880670 6541       1       java.io.ObjectStreamClass$FieldReflectorKey::equals (78 bytes)
Event: 313.289 Thread 0x0000017cff880670 nmethod 6541 0x0000017cf05c2510 code [0x0000017cf05c26e0, 0x0000017cf05c29d8]
Event: 313.289 Thread 0x0000017c86906820 nmethod 6542 0x0000017cf05c2b90 code [0x0000017cf05c2d80, 0x0000017cf05c3268]
Event: 341.655 Thread 0x0000017cff880670 6543       1       java.util.TreeSet::add (22 bytes)
Event: 341.655 Thread 0x0000017cff880670 nmethod 6543 0x0000017cefaa4490 code [0x0000017cefaa4620, 0x0000017cefaa4748]
Event: 347.709 Thread 0x0000017cff880670 6544   !   1       java.io.ObjectInputStream$ValidationList::doCallbacks (58 bytes)
Event: 347.709 Thread 0x0000017cff880670 nmethod 6544 0x0000017cefaa3710 code [0x0000017cefaa3940, 0x0000017cefaa3f58]

GC Heap History (20 events):
Event: 1.867 GC heap before
{Heap before GC invocations=11 (full 0):
 garbage-first heap   total 69632K, used 17089K [0x0000000702a00000, 0x0000000800000000)
  region size 2048K, 5 young (10240K), 4 survivors (8192K)
 Metaspace       used 39499K, committed 39936K, reserved 1089536K
  class space    used 4997K, committed 5184K, reserved 1048576K
}
Event: 1.870 GC heap after
{Heap after GC invocations=12 (full 0):
 garbage-first heap   total 69632K, used 17851K [0x0000000702a00000, 0x0000000800000000)
  region size 2048K, 1 young (2048K), 1 survivors (2048K)
 Metaspace       used 39499K, committed 39936K, reserved 1089536K
  class space    used 4997K, committed 5184K, reserved 1048576K
}
Event: 2.037 GC heap before
{Heap before GC invocations=12 (full 0):
 garbage-first heap   total 69632K, used 50619K [0x0000000702a00000, 0x0000000800000000)
  region size 2048K, 17 young (34816K), 1 survivors (2048K)
 Metaspace       used 41966K, committed 42368K, reserved 1089536K
  class space    used 5288K, committed 5504K, reserved 1048576K
}
Event: 2.038 GC heap after
{Heap after GC invocations=13 (full 0):
 garbage-first heap   total 131072K, used 17545K [0x0000000702a00000, 0x0000000800000000)
  region size 2048K, 1 young (2048K), 1 survivors (2048K)
 Metaspace       used 41966K, committed 42368K, reserved 1089536K
  class space    used 5288K, committed 5504K, reserved 1048576K
}
Event: 2.448 GC heap before
{Heap before GC invocations=13 (full 0):
 garbage-first heap   total 131072K, used 93321K [0x0000000702a00000, 0x0000000800000000)
  region size 2048K, 38 young (77824K), 1 survivors (2048K)
 Metaspace       used 49555K, committed 49984K, reserved 1097728K
  class space    used 6505K, committed 6720K, reserved 1048576K
}
Event: 2.450 GC heap after
{Heap after GC invocations=14 (full 0):
 garbage-first heap   total 131072K, used 18872K [0x0000000702a00000, 0x0000000800000000)
  region size 2048K, 2 young (4096K), 2 survivors (4096K)
 Metaspace       used 49555K, committed 49984K, reserved 1097728K
  class space    used 6505K, committed 6720K, reserved 1048576K
}
Event: 2.828 GC heap before
{Heap before GC invocations=14 (full 0):
 garbage-first heap   total 131072K, used 92600K [0x0000000702a00000, 0x0000000800000000)
  region size 2048K, 38 young (77824K), 2 survivors (4096K)
 Metaspace       used 56075K, committed 56448K, reserved 1097728K
  class space    used 7489K, committed 7680K, reserved 1048576K
}
Event: 2.830 GC heap after
{Heap after GC invocations=15 (full 0):
 garbage-first heap   total 131072K, used 20588K [0x0000000702a00000, 0x0000000800000000)
  region size 2048K, 2 young (4096K), 2 survivors (4096K)
 Metaspace       used 56075K, committed 56448K, reserved 1097728K
  class space    used 7489K, committed 7680K, reserved 1048576K
}
Event: 3.109 GC heap before
{Heap before GC invocations=15 (full 0):
 garbage-first heap   total 131072K, used 67692K [0x0000000702a00000, 0x0000000800000000)
  region size 2048K, 26 young (53248K), 2 survivors (4096K)
 Metaspace       used 60232K, committed 60608K, reserved 1105920K
  class space    used 8083K, committed 8256K, reserved 1048576K
}
Event: 3.112 GC heap after
{Heap after GC invocations=16 (full 0):
 garbage-first heap   total 131072K, used 22374K [0x0000000702a00000, 0x0000000800000000)
  region size 2048K, 3 young (6144K), 3 survivors (6144K)
 Metaspace       used 60232K, committed 60608K, reserved 1105920K
  class space    used 8083K, committed 8256K, reserved 1048576K
}
Event: 3.417 GC heap before
{Heap before GC invocations=17 (full 0):
 garbage-first heap   total 90112K, used 75622K [0x0000000702a00000, 0x0000000800000000)
  region size 2048K, 30 young (61440K), 3 survivors (6144K)
 Metaspace       used 64201K, committed 64640K, reserved 1105920K
  class space    used 8656K, committed 8832K, reserved 1048576K
}
Event: 3.421 GC heap after
{Heap after GC invocations=18 (full 0):
 garbage-first heap   total 90112K, used 24924K [0x0000000702a00000, 0x0000000800000000)
  region size 2048K, 4 young (8192K), 4 survivors (8192K)
 Metaspace       used 64201K, committed 64640K, reserved 1105920K
  class space    used 8656K, committed 8832K, reserved 1048576K
}
Event: 102.165 GC heap before
{Heap before GC invocations=18 (full 0):
 garbage-first heap   total 90112K, used 67932K [0x0000000702a00000, 0x0000000800000000)
  region size 2048K, 25 young (51200K), 4 survivors (8192K)
 Metaspace       used 67536K, committed 68032K, reserved 1114112K
  class space    used 9107K, committed 9344K, reserved 1048576K
}
Event: 102.170 GC heap after
{Heap after GC invocations=19 (full 0):
 garbage-first heap   total 90112K, used 26716K [0x0000000702a00000, 0x0000000800000000)
  region size 2048K, 3 young (6144K), 3 survivors (6144K)
 Metaspace       used 67536K, committed 68032K, reserved 1114112K
  class space    used 9107K, committed 9344K, reserved 1048576K
}
Event: 300.711 GC heap before
{Heap before GC invocations=19 (full 0):
 garbage-first heap   total 90112K, used 69724K [0x0000000702a00000, 0x0000000800000000)
  region size 2048K, 24 young (49152K), 3 survivors (6144K)
 Metaspace       used 70596K, committed 71040K, reserved 1114112K
  class space    used 9502K, committed 9728K, reserved 1048576K
}
Event: 300.714 GC heap after
{Heap after GC invocations=20 (full 0):
 garbage-first heap   total 90112K, used 29010K [0x0000000702a00000, 0x0000000800000000)
  region size 2048K, 3 young (6144K), 3 survivors (6144K)
 Metaspace       used 70596K, committed 71040K, reserved 1114112K
  class space    used 9502K, committed 9728K, reserved 1048576K
}
Event: 311.342 GC heap before
{Heap before GC invocations=20 (full 0):
 garbage-first heap   total 90112K, used 31058K [0x0000000702a00000, 0x0000000800000000)
  region size 2048K, 5 young (10240K), 3 survivors (6144K)
 Metaspace       used 70690K, committed 71168K, reserved 1114112K
  class space    used 9525K, committed 9728K, reserved 1048576K
}
Event: 311.369 GC heap after
{Heap after GC invocations=21 (full 1):
 garbage-first heap   total 81920K, used 21216K [0x0000000702a00000, 0x0000000800000000)
  region size 2048K, 0 young (0K), 0 survivors (0K)
 Metaspace       used 70516K, committed 71168K, reserved 1114112K
  class space    used 9488K, committed 9728K, reserved 1048576K
}
Event: 311.730 GC heap before
{Heap before GC invocations=21 (full 1):
 garbage-first heap   total 81920K, used 62176K [0x0000000702a00000, 0x0000000800000000)
  region size 2048K, 20 young (40960K), 0 survivors (0K)
 Metaspace       used 70664K, committed 71168K, reserved 1114112K
  class space    used 9523K, committed 9728K, reserved 1048576K
}
Event: 311.732 GC heap after
{Heap after GC invocations=22 (full 1):
 garbage-first heap   total 81920K, used 25391K [0x0000000702a00000, 0x0000000800000000)
  region size 2048K, 3 young (6144K), 3 survivors (6144K)
 Metaspace       used 70664K, committed 71168K, reserved 1114112K
  class space    used 9523K, committed 9728K, reserved 1048576K
}

Deoptimization events (20 events):
Event: 312.372 Thread 0x0000017c84697580 DEOPT PACKING pc=0x0000017cf056860c sp=0x0000006a4d5fdf00
Event: 312.372 Thread 0x0000017c84697580 DEOPT UNPACKING pc=0x0000017cef932b43 sp=0x0000006a4d5fd468 mode 1
Event: 312.372 Thread 0x0000017c84697580 DEOPT PACKING pc=0x0000017cf056860c sp=0x0000006a4d5fdf00
Event: 312.372 Thread 0x0000017c84697580 DEOPT UNPACKING pc=0x0000017cef932b43 sp=0x0000006a4d5fd468 mode 1
Event: 312.372 Thread 0x0000017c84697580 DEOPT PACKING pc=0x0000017cf056860c sp=0x0000006a4d5fdf00
Event: 312.372 Thread 0x0000017c84697580 DEOPT UNPACKING pc=0x0000017cef932b43 sp=0x0000006a4d5fd468 mode 1
Event: 312.372 Thread 0x0000017c84697580 DEOPT PACKING pc=0x0000017cf056860c sp=0x0000006a4d5fdf00
Event: 312.372 Thread 0x0000017c84697580 DEOPT UNPACKING pc=0x0000017cef932b43 sp=0x0000006a4d5fd468 mode 1
Event: 312.372 Thread 0x0000017c818725e0 DEOPT PACKING pc=0x0000017cf056860c sp=0x0000006a502fe0a0
Event: 312.372 Thread 0x0000017c818725e0 DEOPT UNPACKING pc=0x0000017cef932b43 sp=0x0000006a502fd608 mode 1
Event: 312.372 Thread 0x0000017c818725e0 DEOPT PACKING pc=0x0000017cf056860c sp=0x0000006a502fe0a0
Event: 312.372 Thread 0x0000017c818725e0 DEOPT UNPACKING pc=0x0000017cef932b43 sp=0x0000006a502fd608 mode 1
Event: 312.372 Thread 0x0000017c818725e0 DEOPT PACKING pc=0x0000017cf056860c sp=0x0000006a502fe0a0
Event: 312.372 Thread 0x0000017c818725e0 DEOPT UNPACKING pc=0x0000017cef932b43 sp=0x0000006a502fd608 mode 1
Event: 312.372 Thread 0x0000017c818725e0 DEOPT PACKING pc=0x0000017cf056860c sp=0x0000006a502fe0a0
Event: 312.372 Thread 0x0000017c818725e0 DEOPT UNPACKING pc=0x0000017cef932b43 sp=0x0000006a502fd608 mode 1
Event: 312.372 Thread 0x0000017c818725e0 DEOPT PACKING pc=0x0000017cf056860c sp=0x0000006a502fe0a0
Event: 312.372 Thread 0x0000017c818725e0 DEOPT UNPACKING pc=0x0000017cef932b43 sp=0x0000006a502fd608 mode 1
Event: 312.372 Thread 0x0000017c818725e0 DEOPT PACKING pc=0x0000017cf056860c sp=0x0000006a502fe0a0
Event: 312.372 Thread 0x0000017c818725e0 DEOPT UNPACKING pc=0x0000017cef932b43 sp=0x0000006a502fd608 mode 1

Classes unloaded (20 events):
Event: 311.351 Thread 0x0000017cff843e40 Unloading class 0x000000080010e800 'java/lang/invoke/LambdaForm$MH+0x000000080010e800'
Event: 311.351 Thread 0x0000017cff843e40 Unloading class 0x000000080010a000 'jdk/internal/reflect/GeneratedSerializationConstructorAccessor3'
Event: 311.351 Thread 0x0000017cff843e40 Unloading class 0x0000000800109c00 'jdk/internal/reflect/GeneratedSerializationConstructorAccessor2'
Event: 311.351 Thread 0x0000017cff843e40 Unloading class 0x0000000800109800 'jdk/internal/reflect/GeneratedSerializationConstructorAccessor1'
Event: 311.351 Thread 0x0000017cff843e40 Unloading class 0x0000000800109000 'java/lang/invoke/LambdaForm$DMH+0x0000000800109000'
Event: 311.351 Thread 0x0000017cff843e40 Unloading class 0x0000000800108800 'java/lang/invoke/LambdaForm$DMH+0x0000000800108800'
Event: 311.351 Thread 0x0000017cff843e40 Unloading class 0x0000000800107c00 'jdk/internal/reflect/GeneratedConstructorAccessor1'
Event: 311.351 Thread 0x0000017cff843e40 Unloading class 0x0000000800107000 'java/lang/invoke/LambdaForm$MH+0x0000000800107000'
Event: 311.351 Thread 0x0000017cff843e40 Unloading class 0x0000000800106c00 'java/lang/invoke/LambdaForm$MH+0x0000000800106c00'
Event: 311.351 Thread 0x0000017cff843e40 Unloading class 0x0000000800106800 'java/lang/invoke/LambdaForm$MH+0x0000000800106800'
Event: 311.351 Thread 0x0000017cff843e40 Unloading class 0x0000000800106400 'java/lang/invoke/LambdaForm$MH+0x0000000800106400'
Event: 311.351 Thread 0x0000017cff843e40 Unloading class 0x0000000800106000 'java/lang/invoke/LambdaForm$MH+0x0000000800106000'
Event: 311.351 Thread 0x0000017cff843e40 Unloading class 0x0000000800105c00 'java/lang/invoke/LambdaForm$MH+0x0000000800105c00'
Event: 311.351 Thread 0x0000017cff843e40 Unloading class 0x0000000800104c00 'java/lang/invoke/LambdaForm$MH+0x0000000800104c00'
Event: 311.351 Thread 0x0000017cff843e40 Unloading class 0x0000000800104800 'java/lang/invoke/LambdaForm$MH+0x0000000800104800'
Event: 311.351 Thread 0x0000017cff843e40 Unloading class 0x0000000800104000 'java/lang/invoke/LambdaForm$MH+0x0000000800104000'
Event: 311.351 Thread 0x0000017cff843e40 Unloading class 0x0000000800103400 'java/lang/invoke/LambdaForm$MH+0x0000000800103400'
Event: 311.351 Thread 0x0000017cff843e40 Unloading class 0x0000000800102c00 'java/lang/invoke/LambdaForm$MH+0x0000000800102c00'
Event: 311.351 Thread 0x0000017cff843e40 Unloading class 0x0000000800102400 'java/lang/invoke/LambdaForm$MH+0x0000000800102400'
Event: 311.351 Thread 0x0000017cff843e40 Unloading class 0x0000000800101c00 'java/lang/invoke/LambdaForm$MH+0x0000000800101c00'

Classes redefined (5 events):
Event: 309.849 Thread 0x0000017cff843e40 redefined class name=curso.springboot.controller.PessoaController$1, count=1
Event: 309.849 Thread 0x0000017cff843e40 redefined class name=curso.springboot.controller.PessoaController, count=1
Event: 347.886 Thread 0x0000017cff843e40 redefined class name=curso.springboot.controller.PessoaController$1, count=2
Event: 347.886 Thread 0x0000017cff843e40 redefined class name=curso.springboot.controller.PessoaController, count=1
Event: 347.886 Thread 0x0000017cff843e40 redefined class name=curso.springboot.controller.PessoaController, count=2

Internal exceptions (20 events):
Event: 102.367 Thread 0x0000017c84641f30 Exception <a 'java/lang/NoSuchMethodError'{0x00000007066b8218}: 'java.lang.Object java.lang.invoke.DirectMethodHandle$Holder.invokeStatic(java.lang.Object, int, int)'> (0x00000007066b8218) 
thrown [e:\jenkins\tmp\workspace\build\src\src\hotspot\share\interpreter\linkResolver.cpp, line 766]
Event: 311.334 Thread 0x0000017c81873df0 Exception <a 'java/lang/InterruptedException'{0x0000000707e65c00}: sleep interrupted> (0x0000000707e65c00) 
thrown [e:\jenkins\tmp\workspace\build\src\src\hotspot\share\prims\jvm.cpp, line 3067]
Event: 311.380 Thread 0x0000017c84697580 Exception <a 'sun/nio/fs/WindowsException'{0x000000070789d708}> (0x000000070789d708) 
thrown [e:\jenkins\tmp\workspace\build\src\src\hotspot\share\prims\jni.cpp, line 516]
Event: 311.572 Thread 0x0000017c84697580 Exception <a 'java/lang/NoClassDefFoundError'{0x000000070602cbc0}: org/flywaydb/core/Flyway> (0x000000070602cbc0) 
thrown [e:\jenkins\tmp\workspace\build\src\src\hotspot\share\oops\constantPool.cpp, line 835]
Event: 311.573 Thread 0x0000017c84697580 Exception <a 'java/lang/NoClassDefFoundError'{0x000000070602d210}: liquibase/integration/spring/SpringLiquibase> (0x000000070602d210) 
thrown [e:\jenkins\tmp\workspace\build\src\src\hotspot\share\oops\constantPool.cpp, line 835]
Event: 311.577 Thread 0x0000017c84697580 Exception <a 'java/lang/NoClassDefFoundError'{0x000000070609ea40}: org/jooq/DSLContext> (0x000000070609ea40) 
thrown [e:\jenkins\tmp\workspace\build\src\src\hotspot\share\oops\constantPool.cpp, line 835]
Event: 311.578 Thread 0x0000017c84697580 Exception <a 'java/lang/NoClassDefFoundError'{0x00000007060a9818}: org/springframework/batch/core/repository/JobRepository> (0x00000007060a9818) 
thrown [e:\jenkins\tmp\workspace\build\src\src\hotspot\share\oops\constantPool.cpp, line 835]
Event: 311.578 Thread 0x0000017c84697580 Exception <a 'java/lang/NoClassDefFoundError'{0x00000007060a9e60}: org/quartz/Scheduler> (0x00000007060a9e60) 
thrown [e:\jenkins\tmp\workspace\build\src\src\hotspot\share\oops\constantPool.cpp, line 835]
Event: 311.578 Thread 0x0000017c84697580 Exception <a 'java/lang/NoClassDefFoundError'{0x00000007060aa4d0}: org/springframework/session/jdbc/JdbcIndexedSessionRepository> (0x00000007060aa4d0) 
thrown [e:\jenkins\tmp\workspace\build\src\src\hotspot\share\oops\constantPool.cpp, line 835]
Event: 311.615 Thread 0x0000017c84697580 Exception <a 'sun/nio/fs/WindowsException'{0x0000000705b3c168}> (0x0000000705b3c168) 
thrown [e:\jenkins\tmp\workspace\build\src\src\hotspot\share\prims\jni.cpp, line 516]
Event: 311.615 Thread 0x0000017c84697580 Exception <a 'sun/nio/fs/WindowsException'{0x0000000705b3c7d0}> (0x0000000705b3c7d0) 
thrown [e:\jenkins\tmp\workspace\build\src\src\hotspot\share\prims\jni.cpp, line 516]
Event: 311.615 Thread 0x0000017c84697580 Exception <a 'sun/nio/fs/WindowsException'{0x0000000705b3cea8}> (0x0000000705b3cea8) 
thrown [e:\jenkins\tmp\workspace\build\src\src\hotspot\share\prims\jni.cpp, line 516]
Event: 311.622 Thread 0x0000017c84697580 Exception <a 'java/io/FileNotFoundException'{0x0000000705b73bf8}> (0x0000000705b73bf8) 
thrown [e:\jenkins\tmp\workspace\build\src\src\hotspot\share\prims\jni.cpp, line 516]
Event: 311.635 Thread 0x0000017c84697580 Exception <a 'java/io/FileNotFoundException'{0x00000007058fb5e8}> (0x00000007058fb5e8) 
thrown [e:\jenkins\tmp\workspace\build\src\src\hotspot\share\prims\jni.cpp, line 516]
Event: 312.250 Thread 0x0000017c84697580 Exception <a 'java/lang/ClassNotFoundException'{0x000000070729dfd8}: java/lang/ObjectCustomizer> (0x000000070729dfd8) 
thrown [e:\jenkins\tmp\workspace\build\src\src\hotspot\share\classfile\systemDictionary.cpp, line 256]
Event: 312.251 Thread 0x0000017c84697580 Exception <a 'java/lang/ClassNotFoundException'{0x00000007072a8a38}: curso/springboot/model/PessoaCustomizer> (0x00000007072a8a38) 
thrown [e:\jenkins\tmp\workspace\build\src\src\hotspot\share\classfile\systemDictionary.cpp, line 256]
Event: 312.253 Thread 0x0000017c84697580 Exception <a 'java/lang/ClassNotFoundException'{0x00000007072ee130}: java/lang/ObjectCustomizer> (0x00000007072ee130) 
thrown [e:\jenkins\tmp\workspace\build\src\src\hotspot\share\classfile\systemDictionary.cpp, line 256]
Event: 312.254 Thread 0x0000017c84697580 Exception <a 'java/lang/ClassNotFoundException'{0x00000007072f8768}: curso/springboot/model/TelefoneCustomizer> (0x00000007072f8768) 
thrown [e:\jenkins\tmp\workspace\build\src\src\hotspot\share\classfile\systemDictionary.cpp, line 256]
Event: 312.261 Thread 0x0000017c84697580 Exception <a 'java/lang/reflect/InvocationTargetException'{0x000000070701af58}> (0x000000070701af58) 
thrown [e:\jenkins\tmp\workspace\build\src\src\hotspot\share\runtime\reflection.cpp, line 1121]
Event: 312.271 Thread 0x0000017c84697580 Exception <a 'java/lang/reflect/InvocationTargetException'{0x00000007071352c0}> (0x00000007071352c0) 
thrown [e:\jenkins\tmp\workspace\build\src\src\hotspot\share\runtime\reflection.cpp, line 1121]

VM Operations (20 events):
Event: 312.225 Executing VM operation: ChangeBreakpoints
Event: 312.226 Executing VM operation: ChangeBreakpoints done
Event: 312.272 Executing VM operation: ICBufferFull
Event: 312.272 Executing VM operation: ICBufferFull done
Event: 313.283 Executing VM operation: Cleanup
Event: 313.283 Executing VM operation: Cleanup done
Event: 347.882 Executing VM operation: RedefineClasses
Event: 347.896 Executing VM operation: RedefineClasses done
Event: 347.926 Executing VM operation: ChangeBreakpoints
Event: 347.928 Executing VM operation: ChangeBreakpoints done
Event: 347.930 Executing VM operation: ChangeBreakpoints
Event: 347.931 Executing VM operation: ChangeBreakpoints done
Event: 347.941 Executing VM operation: ChangeBreakpoints
Event: 347.942 Executing VM operation: ChangeBreakpoints done
Event: 347.943 Executing VM operation: ChangeBreakpoints
Event: 347.944 Executing VM operation: ChangeBreakpoints done
Event: 347.954 Executing VM operation: ChangeBreakpoints
Event: 347.955 Executing VM operation: ChangeBreakpoints done
Event: 347.957 Executing VM operation: ChangeBreakpoints
Event: 347.958 Executing VM operation: ChangeBreakpoints done

Events (20 events):
Event: 312.362 Thread 0x0000017c846988c0 Thread added: 0x0000017c846988c0
Event: 312.362 Thread 0x0000017c84694090 Thread added: 0x0000017c84694090
Event: 312.362 Thread 0x0000017c84696240 Thread added: 0x0000017c84696240
Event: 312.362 Thread 0x0000017c84697f20 Thread added: 0x0000017c84697f20
Event: 312.362 Thread 0x0000017c84694560 Thread added: 0x0000017c84694560
Event: 312.362 Thread 0x0000017c846953d0 Thread added: 0x0000017c846953d0
Event: 312.362 Thread 0x0000017c846958a0 Thread added: 0x0000017c846958a0
Event: 312.363 Thread 0x0000017c84691540 Thread added: 0x0000017c84691540
Event: 312.363 Thread 0x0000017c84692880 Thread added: 0x0000017c84692880
Event: 312.366 Thread 0x0000017c84695d70 Thread added: 0x0000017c84695d70
Event: 312.367 Thread 0x0000017c846970b0 Thread added: 0x0000017c846970b0
Event: 312.369 Thread 0x0000017c84697580 Thread exited: 0x0000017c84697580
Event: 312.369 Thread 0x0000017c84692d50 Thread exited: 0x0000017c84692d50
Event: 312.369 Thread 0x0000017c84697580 Thread added: 0x0000017c84697580
Event: 312.369 Thread 0x0000017c84692d50 Thread added: 0x0000017c84692d50
Event: 312.370 Thread 0x0000017c84644f50 Thread added: 0x0000017c84644f50
Event: 312.373 Thread 0x0000017c84692d50 Thread exited: 0x0000017c84692d50
Event: 313.389 Thread 0x0000017c84644f50 Thread exited: 0x0000017c84644f50
Event: 317.264 Thread 0x0000017c84693220 Thread exited: 0x0000017c84693220
Event: 318.304 Thread 0x0000017c86906820 Thread exited: 0x0000017c86906820


Dynamic libraries:
0x00007ff7fd620000 - 0x00007ff7fd62e000 	C:\sts-4.14.1.RELEASE\plugins\org.eclipse.justj.openjdk.hotspot.jre.full.win32.x86_64_17.0.2.v20220201-1208\jre\bin\javaw.exe
0x00007ff8c7c80000 - 0x00007ff8c7e89000 	C:\Windows\SYSTEM32\ntdll.dll
0x00007ff8c66d0000 - 0x00007ff8c678d000 	C:\Windows\System32\KERNEL32.DLL
0x00007ff8c53b0000 - 0x00007ff8c5729000 	C:\Windows\System32\KERNELBASE.dll
0x00007ff8c59f0000 - 0x00007ff8c5b01000 	C:\Windows\System32\ucrtbase.dll
0x00007ff8a8b10000 - 0x00007ff8a8b29000 	C:\sts-4.14.1.RELEASE\plugins\org.eclipse.justj.openjdk.hotspot.jre.full.win32.x86_64_17.0.2.v20220201-1208\jre\bin\VCRUNTIME140.dll
0x00007ff8a8b30000 - 0x00007ff8a8b48000 	C:\sts-4.14.1.RELEASE\plugins\org.eclipse.justj.openjdk.hotspot.jre.full.win32.x86_64_17.0.2.v20220201-1208\jre\bin\jli.dll
0x00007ff8c6cb0000 - 0x00007ff8c6e5c000 	C:\Windows\System32\USER32.dll
0x00007ff8c59c0000 - 0x00007ff8c59e6000 	C:\Windows\System32\win32u.dll
0x00007ff8a7010000 - 0x00007ff8a72b5000 	C:\Windows\WinSxS\amd64_microsoft.windows.common-controls_6595b64144ccf1df_6.0.22000.120_none_9d947278b86cc467\COMCTL32.dll
0x00007ff8c5ea0000 - 0x00007ff8c5ec9000 	C:\Windows\System32\GDI32.dll
0x00007ff8c5d40000 - 0x00007ff8c5de3000 	C:\Windows\System32\msvcrt.dll
0x00007ff8c5730000 - 0x00007ff8c5842000 	C:\Windows\System32\gdi32full.dll
0x00007ff8c5160000 - 0x00007ff8c51fd000 	C:\Windows\System32\msvcp_win.dll
0x00007ff8c6b50000 - 0x00007ff8c6b81000 	C:\Windows\System32\IMM32.DLL
0x00007ff8aaea0000 - 0x00007ff8aaeac000 	C:\sts-4.14.1.RELEASE\plugins\org.eclipse.justj.openjdk.hotspot.jre.full.win32.x86_64_17.0.2.v20220201-1208\jre\bin\vcruntime140_1.dll
0x00007ff8a8a70000 - 0x00007ff8a8b01000 	C:\sts-4.14.1.RELEASE\plugins\org.eclipse.justj.openjdk.hotspot.jre.full.win32.x86_64_17.0.2.v20220201-1208\jre\bin\msvcp140.dll
0x00007ff868930000 - 0x00007ff869577000 	C:\sts-4.14.1.RELEASE\plugins\org.eclipse.justj.openjdk.hotspot.jre.full.win32.x86_64_17.0.2.v20220201-1208\jre\bin\server\jvm.dll
0x00007ff8c5b10000 - 0x00007ff8c5bbe000 	C:\Windows\System32\ADVAPI32.dll
0x00007ff8c65a0000 - 0x00007ff8c663e000 	C:\Windows\System32\sechost.dll
0x00007ff8c6b90000 - 0x00007ff8c6cb0000 	C:\Windows\System32\RPCRT4.dll
0x00007ff8c6590000 - 0x00007ff8c6598000 	C:\Windows\System32\PSAPI.DLL
0x00007ff8c2090000 - 0x00007ff8c20c3000 	C:\Windows\SYSTEM32\WINMM.dll
0x00007ff8bf160000 - 0x00007ff8bf169000 	C:\Windows\SYSTEM32\WSOCK32.dll
0x00007ff8b5ab0000 - 0x00007ff8b5aba000 	C:\Windows\SYSTEM32\VERSION.dll
0x00007ff8c6640000 - 0x00007ff8c66af000 	C:\Windows\System32\WS2_32.dll
0x00007ff8c4350000 - 0x00007ff8c4368000 	C:\Windows\SYSTEM32\kernel.appcore.dll
0x00007ff8b1e60000 - 0x00007ff8b1e6a000 	C:\sts-4.14.1.RELEASE\plugins\org.eclipse.justj.openjdk.hotspot.jre.full.win32.x86_64_17.0.2.v20220201-1208\jre\bin\jimage.dll
0x00007ff8c2d90000 - 0x00007ff8c2fb1000 	C:\Windows\SYSTEM32\DBGHELP.DLL
0x00007ff8afb60000 - 0x00007ff8afb91000 	C:\Windows\SYSTEM32\dbgcore.DLL
0x00007ff8c52c0000 - 0x00007ff8c533f000 	C:\Windows\System32\bcryptPrimitives.dll
0x00007ff8a8640000 - 0x00007ff8a867b000 	C:\sts-4.14.1.RELEASE\plugins\org.eclipse.justj.openjdk.hotspot.jre.full.win32.x86_64_17.0.2.v20220201-1208\jre\bin\jdwp.dll
0x00007ff8bf0b0000 - 0x00007ff8bf0be000 	C:\sts-4.14.1.RELEASE\plugins\org.eclipse.justj.openjdk.hotspot.jre.full.win32.x86_64_17.0.2.v20220201-1208\jre\bin\instrument.dll
0x00007ff8ab780000 - 0x00007ff8ab7a5000 	C:\sts-4.14.1.RELEASE\plugins\org.eclipse.justj.openjdk.hotspot.jre.full.win32.x86_64_17.0.2.v20220201-1208\jre\bin\java.dll
0x00007ff8aaeb0000 - 0x00007ff8aaec8000 	C:\sts-4.14.1.RELEASE\plugins\org.eclipse.justj.openjdk.hotspot.jre.full.win32.x86_64_17.0.2.v20220201-1208\jre\bin\zip.dll
0x00007ff8c7410000 - 0x00007ff8c7bc8000 	C:\Windows\System32\SHELL32.dll
0x00007ff8c32d0000 - 0x00007ff8c3b38000 	C:\Windows\SYSTEM32\windows.storage.dll
0x00007ff8c61f0000 - 0x00007ff8c6569000 	C:\Windows\System32\combase.dll
0x00007ff8c3160000 - 0x00007ff8c32c6000 	C:\Windows\SYSTEM32\wintypes.dll
0x00007ff8c5c50000 - 0x00007ff8c5d3a000 	C:\Windows\System32\SHCORE.dll
0x00007ff8c6930000 - 0x00007ff8c698d000 	C:\Windows\System32\shlwapi.dll
0x00007ff8c5090000 - 0x00007ff8c50b1000 	C:\Windows\SYSTEM32\profapi.dll
0x00007ff8bf060000 - 0x00007ff8bf06c000 	C:\sts-4.14.1.RELEASE\plugins\org.eclipse.justj.openjdk.hotspot.jre.full.win32.x86_64_17.0.2.v20220201-1208\jre\bin\dt_socket.dll
0x00007ff8c3e80000 - 0x00007ff8c3ead000 	C:\Windows\SYSTEM32\IPHLPAPI.DLL
0x00007ff8c4780000 - 0x00007ff8c47e7000 	C:\Windows\system32\mswsock.dll
0x00007ff8c3ef0000 - 0x00007ff8c3fd8000 	C:\Windows\SYSTEM32\DNSAPI.dll
0x00007ff8c60d0000 - 0x00007ff8c60d9000 	C:\Windows\System32\NSI.dll
0x00007ff8b34d0000 - 0x00007ff8b34da000 	C:\Windows\System32\rasadhlp.dll
0x00007ff8bc960000 - 0x00007ff8bc9e1000 	C:\Windows\System32\fwpuclnt.dll
0x00007ff8aae60000 - 0x00007ff8aae79000 	C:\sts-4.14.1.RELEASE\plugins\org.eclipse.justj.openjdk.hotspot.jre.full.win32.x86_64_17.0.2.v20220201-1208\jre\bin\net.dll
0x00007ff8bdb60000 - 0x00007ff8bdc6c000 	C:\Windows\SYSTEM32\WINHTTP.dll
0x00007ff8a7a30000 - 0x00007ff8a7a45000 	C:\sts-4.14.1.RELEASE\plugins\org.eclipse.justj.openjdk.hotspot.jre.full.win32.x86_64_17.0.2.v20220201-1208\jre\bin\nio.dll
0x00007ff8aae50000 - 0x00007ff8aae59000 	C:\sts-4.14.1.RELEASE\plugins\org.eclipse.justj.openjdk.hotspot.jre.full.win32.x86_64_17.0.2.v20220201-1208\jre\bin\management.dll
0x00007ff8a8a60000 - 0x00007ff8a8a6b000 	C:\sts-4.14.1.RELEASE\plugins\org.eclipse.justj.openjdk.hotspot.jre.full.win32.x86_64_17.0.2.v20220201-1208\jre\bin\management_ext.dll
0x00007ff891d40000 - 0x00007ff891d57000 	C:\Windows\system32\napinsp.dll
0x00007ff8886f0000 - 0x00007ff88870b000 	C:\Windows\system32\pnrpnsp.dll
0x00007ff87ffe0000 - 0x00007ff87fff2000 	C:\Windows\System32\winrnr.dll
0x00007ff8bcdc0000 - 0x00007ff8bcdd5000 	C:\Windows\system32\wshbth.dll
0x00007ff87ffc0000 - 0x00007ff87ffdf000 	C:\Windows\system32\nlansp_c.dll
0x00007ff8c49c0000 - 0x00007ff8c49d8000 	C:\Windows\SYSTEM32\CRYPTSP.dll
0x00007ff8c42b0000 - 0x00007ff8c42e5000 	C:\Windows\system32\rsaenh.dll
0x00007ff8c4870000 - 0x00007ff8c4899000 	C:\Windows\SYSTEM32\USERENV.dll
0x00007ff8c4b40000 - 0x00007ff8c4b67000 	C:\Windows\SYSTEM32\bcrypt.dll
0x00007ff8c49e0000 - 0x00007ff8c49ec000 	C:\Windows\SYSTEM32\CRYPTBASE.dll
0x00007ff8bdaa0000 - 0x00007ff8bdab9000 	C:\Windows\SYSTEM32\dhcpcsvc6.DLL
0x00007ff8be9b0000 - 0x00007ff8be9ce000 	C:\Windows\SYSTEM32\dhcpcsvc.DLL
0x00007ff8b0120000 - 0x00007ff8b0130000 	C:\sts-4.14.1.RELEASE\plugins\org.eclipse.justj.openjdk.hotspot.jre.full.win32.x86_64_17.0.2.v20220201-1208\jre\bin\verify.dll
0x00007ff8bef60000 - 0x00007ff8bef6e000 	C:\sts-4.14.1.RELEASE\plugins\org.eclipse.justj.openjdk.hotspot.jre.full.win32.x86_64_17.0.2.v20220201-1208\jre\bin\sunmscapi.dll
0x00007ff8c5850000 - 0x00007ff8c59b2000 	C:\Windows\System32\CRYPT32.dll
0x00007ff8c4b10000 - 0x00007ff8c4b38000 	C:\Windows\SYSTEM32\ncrypt.dll
0x00007ff8c4ad0000 - 0x00007ff8c4b07000 	C:\Windows\SYSTEM32\NTASN1.dll
0x00007ff8a8cf0000 - 0x00007ff8a8cf8000 	C:\Windows\system32\wshunix.dll

dbghelp: loaded successfully - version: 4.0.5 - missing functions: none
symbol engine: initialized successfully - sym options: 0x614 - pdb path: .;C:\sts-4.14.1.RELEASE\plugins\org.eclipse.justj.openjdk.hotspot.jre.full.win32.x86_64_17.0.2.v20220201-1208\jre\bin;C:\Windows\SYSTEM32;C:\Windows\WinSxS\amd64_microsoft.windows.common-controls_6595b64144ccf1df_6.0.22000.120_none_9d947278b86cc467;C:\sts-4.14.1.RELEASE\plugins\org.eclipse.justj.openjdk.hotspot.jre.full.win32.x86_64_17.0.2.v20220201-1208\jre\bin\server

VM Arguments:
jvm_args: -XX:+ShowCodeDetailsInExceptionMessages -agentlib:jdwp=transport=dt_socket,suspend=y,address=localhost:64254 -Dcom.sun.management.jmxremote -Dcom.sun.management.jmxremote.port=64250 -Dcom.sun.management.jmxremote.authenticate=false -Dcom.sun.management.jmxremote.ssl=false -Djava.rmi.server.hostname=localhost -Dspring.jmx.enabled=true -Dspring.application.admin.enabled=true -XX:TieredStopAtLevel=1 -Dspring.boot.project.name=springboot -javaagent:C:\sts-4.14.1.RELEASE\configuration\org.eclipse.osgi\265\0\.cp\lib\javaagent-shaded.jar -Dfile.encoding=UTF-8 
java_command: curso.springboot.SpringbootApplication --spring.output.ansi.enabled=always
java_class_path (initial): C:\Users\junio\Documents\workspace-spring-tool-suite-4-4.14.1.RELEASE\springboot\target\classes;C:\Users\junio\.m2\repository\org\springframework\boot\spring-boot-starter-validation\2.7.0\spring-boot-starter-validation-2.7.0.jar;C:\Users\junio\.m2\repository\org\springframework\boot\spring-boot-starter\2.7.0\spring-boot-starter-2.7.0.jar;C:\Users\junio\.m2\repository\org\springframework\boot\spring-boot-starter-logging\2.7.0\spring-boot-starter-logging-2.7.0.jar;C:\Users\junio\.m2\repository\ch\qos\logback\logback-classic\1.2.11\logback-classic-1.2.11.jar;C:\Users\junio\.m2\repository\ch\qos\logback\logback-core\1.2.11\logback-core-1.2.11.jar;C:\Users\junio\.m2\repository\org\apache\logging\log4j\log4j-to-slf4j\2.17.2\log4j-to-slf4j-2.17.2.jar;C:\Users\junio\.m2\repository\org\apache\logging\log4j\log4j-api\2.17.2\log4j-api-2.17.2.jar;C:\Users\junio\.m2\repository\org\slf4j\jul-to-slf4j\1.7.36\jul-to-slf4j-1.7.36.jar;C:\Users\junio\.m2\repository\jakarta\annotation\jakarta.annotation-api\1.3.5\jakarta.annotation-api-1.3.5.jar;C:\Users\junio\.m2\repository\org\yaml\snakeyaml\1.30\snakeyaml-1.30.jar;C:\Users\junio\.m2\repository\org\apache\tomcat\embed\tomcat-embed-el\9.0.63\tomcat-embed-el-9.0.63.jar;C:\Users\junio\.m2\repository\org\hibernate\validator\hibernate-validator\6.2.3.Final\hibernate-validator-6.2.3.Final.jar;C:\Users\junio\.m2\repository\jakarta\validation\jakarta.validation-api\2.0.2\jakarta.validation-api-2.0.2.jar;C:\Users\junio\.m2\repository\org\jboss\logging\jboss-logging\3.4.3.Final\jboss-logging-3.4.3.Final.jar;C:\Users\junio\.m2\repository\com\fasterxml\classmate\1.5.1\classmate-1.5.1.jar;C:\Users\junio\.m2\repository\org\springframework\boot\spring-boot-starter-thymeleaf\2.7.0\spring-boot-starter-thymeleaf-2.7.0.jar;C:\Users\junio\.m2\repository\org\thymeleaf\thymeleaf-spring5\3.0.15.RELEASE\thymeleaf-spring5-3.0.15.RELEASE.jar;C:\Users\junio\.m2\repository\org\thymeleaf\thymeleaf\3.0.15.RELEASE\thymeleaf-3.0.15.RELE
Launcher Type: SUN_STANDARD

[Global flags]
     intx CICompilerCount                          = 4                                         {product} {ergonomic}
     uint ConcGCThreads                            = 3                                         {product} {ergonomic}
     uint G1ConcRefinementThreads                  = 10                                        {product} {ergonomic}
   size_t G1HeapRegionSize                         = 2097152                                   {product} {ergonomic}
    uintx GCDrainStackTargetSize                   = 64                                        {product} {ergonomic}
   size_t InitialHeapSize                          = 266338304                                 {product} {ergonomic}
     bool ManagementServer                         = true                                      {product} {command line}
   size_t MarkStackSize                            = 4194304                                   {product} {ergonomic}
   size_t MaxHeapSize                              = 4250927104                                {product} {ergonomic}
   size_t MaxNewSize                               = 2550136832                                {product} {ergonomic}
   size_t MinHeapDeltaBytes                        = 2097152                                   {product} {ergonomic}
   size_t MinHeapSize                              = 8388608                                   {product} {ergonomic}
    uintx NonProfiledCodeHeapSize                  = 0                                      {pd product} {ergonomic}
     bool ProfileInterpreter                       = false                                  {pd product} {command line}
    uintx ProfiledCodeHeapSize                     = 0                                      {pd product} {ergonomic}
     bool ShowCodeDetailsInExceptionMessages       = true                                   {manageable} {command line}
   size_t SoftMaxHeapSize                          = 4250927104                             {manageable} {ergonomic}
     intx TieredStopAtLevel                        = 1                                         {product} {command line}
     bool UseCompressedClassPointers               = true                           {product lp64_product} {ergonomic}
     bool UseCompressedOops                        = true                           {product lp64_product} {ergonomic}
     bool UseG1GC                                  = true                                      {product} {ergonomic}
     bool UseLargePagesIndividualAllocation        = false                                  {pd product} {ergonomic}

Logging:
Log output configuration:
 #0: stdout all=warning uptime,level,tags
 #1: stderr all=off uptime,level,tags

Environment Variables:
JAVA_HOME=C:\Program Files\Java\jdk-11.0.15
CLASSPATH=.;C:\Program Files\Java\jdk-11.0.15\lib;
PATH=C:\sts-4.14.1.RELEASE\plugins\org.eclipse.justj.openjdk.hotspot.jre.full.win32.x86_64_17.0.2.v20220201-1208\jre\bin;C:/sts-4.14.1.RELEASE//plugins/org.eclipse.justj.openjdk.hotspot.jre.full.win32.x86_64_17.0.2.v20220201-1208/jre/bin/server;C:/sts-4.14.1.RELEASE//plugins/org.eclipse.justj.openjdk.hotspot.jre.full.win32.x86_64_17.0.2.v20220201-1208/jre/bin;C:\Program Files (x86)\Common Files\Intel\Shared Libraries\redist\intel64\compiler;C:\Program Files\Java\jdk-11.0.5;C:\Program Files\Common Files\Oracle\Java\javapath;C:\Program Files (x86)\Common Files\Oracle\Java\javapath;C:\Windows\system32;C:\Windows;C:\Windows\System32\Wbem;C:\Windows\System32\WindowsPowerShell\v1.0\;C:\Windows\System32\OpenSSH\;C:\Program Files (x86)\NVIDIA Corporation\PhysX\Common;C:\Program Files\NVIDIA Corporation\NVIDIA NvDLISR;C:\Program Files\Java\jdk-11.0.15\bin;C:\Program Files\apache-maven-3.8.5\bin;C:\Program Files\nodejs\;C:\Program Files\Git\cmd;C:\Users\junio\AppData\Local\Microsoft\WindowsApps;C:\Users\junio\AppData\Roaming\npm;C:\Users\junio\AppData\Local\Programs\Microsoft VS Code\bin;C:\Program Files\heroku\bin;C:\sts-4.14.1.RELEASE;
USERNAME=junior
OS=Windows_NT
PROCESSOR_IDENTIFIER=Intel64 Family 6 Model 165 Stepping 2, GenuineIntel



---------------  S Y S T E M  ---------------

OS:
 Windows 11 , 64 bit Build 22000 (10.0.22000.708)
OS uptime: 2 days 11:17 hours

CPU: total 12 (initial active 12) (6 cores per cpu, 2 threads per core) family 6 model 165 stepping 2 microcode 0xea, cx8, cmov, fxsr, ht, mmx, 3dnowpref, sse, sse2, sse3, ssse3, sse4.1, sse4.2, popcnt, lzcnt, tsc, tscinvbit, avx, avx2, aes, erms, clmul, bmi1, bmi2, adx, fma, vzeroupper, clflush, clflushopt

Memory: 4k page, system-wide physical 16215M (7673M free)
TotalPageFile size 18647M (AvailPageFile size 6599M)
current process WorkingSet (physical memory assigned to process): 241M, peak: 265M
current process commit charge ("private bytes"): 276M, peak: 371M

vm_info: OpenJDK 64-Bit Server VM (17.0.2+8) for windows-amd64 JRE (17.0.2+8), built on Jan 20 2022 04:52:34 by "" with MS VC++ 16.7 (VS2019)

END.
